<?xml version="1.0" encoding="UTF-8"?>
<testng-results ignored="0" total="0" passed="0" failed="0" skipped="0">
  <reporter-output>
  </reporter-output>
  <suite started-at="2021-07-01T14:36:12 IST" name="Suite" finished-at="2021-07-01T14:36:12 IST" duration-ms="27">
    <groups>
    </groups>
    <test started-at="2021-07-01T14:36:12 IST" name="Test" finished-at="2021-07-01T14:36:12 IST" duration-ms="27">
      <class name="Mymaven.MavenJava.FirstTest">
        <test-method is-config="true" signature="method2()[pri:0, instance:Mymaven.MavenJava.FirstTest@732c2a62]" started-at="2021-07-01T14:36:12 IST" name="method2" finished-at="2021-07-01T14:36:12 IST" duration-ms="12" status="PASS">
          <reporter-output>
          </reporter-output>
        </test-method> <!-- method2 -->
      </class> <!-- Mymaven.MavenJava.FirstTest -->
    </test> <!-- Test -->
  </suite> <!-- Suite -->
</testng-results>
